0 info it worked if it ends with ok
1 verbose cli [ '/Users/ray/.nvm/versions/node/v6.11.5/bin/node',
1 verbose cli   '/Users/ray/.nvm/versions/node/v6.11.5/bin/npm',
1 verbose cli   'run',
1 verbose cli   'seed' ]
2 info using npm@3.10.10
3 info using node@v6.11.5
4 verbose run-script [ 'preseed', 'seed', 'postseed' ]
5 info lifecycle peri@1.0.0~preseed: peri@1.0.0
6 silly lifecycle peri@1.0.0~preseed: no script for preseed, continuing
7 info lifecycle peri@1.0.0~seed: peri@1.0.0
8 verbose lifecycle peri@1.0.0~seed: unsafe-perm in lifecycle true
9 verbose lifecycle peri@1.0.0~seed: PATH: /Users/ray/.nvm/versions/node/v6.11.5/lib/node_modules/npm/bin/node-gyp-bin:/Users/ray/Development/HR/git/thesis/PERI/node_modules/.bin:/Users/ray/.nvm/versions/node/v6.11.5/bin:/Users/ray/.rvm/gems/ruby-2.4.0/bin:/Users/ray/.rvm/gems/ruby-2.4.0@global/bin:/Users/ray/.rvm/rubies/ruby-2.4.0/bin:/usr/local/bin:/usr/bin:/bin:/usr/sbin:/sbin:/Users/ray/.rvm/bin
10 verbose lifecycle peri@1.0.0~seed: CWD: /Users/ray/Development/HR/git/thesis/PERI
11 silly lifecycle peri@1.0.0~seed: Args: [ '-c', 'node Db/fakeData/seed.js' ]
12 silly lifecycle peri@1.0.0~seed: Returned: code: 1  signal: null
13 info lifecycle peri@1.0.0~seed: Failed to exec seed script
14 verbose stack Error: peri@1.0.0 seed: `node Db/fakeData/seed.js`
14 verbose stack Exit status 1
14 verbose stack     at EventEmitter.<anonymous> (/Users/ray/.nvm/versions/node/v6.11.5/lib/node_modules/npm/lib/utils/lifecycle.js:255:16)
14 verbose stack     at emitTwo (events.js:106:13)
14 verbose stack     at EventEmitter.emit (events.js:191:7)
14 verbose stack     at ChildProcess.<anonymous> (/Users/ray/.nvm/versions/node/v6.11.5/lib/node_modules/npm/lib/utils/spawn.js:40:14)
14 verbose stack     at emitTwo (events.js:106:13)
14 verbose stack     at ChildProcess.emit (events.js:191:7)
14 verbose stack     at maybeClose (internal/child_process.js:920:16)
14 verbose stack     at Process.ChildProcess._handle.onexit (internal/child_process.js:230:5)
15 verbose pkgid peri@1.0.0
16 verbose cwd /Users/ray/Development/HR/git/thesis/PERI
17 error Darwin 17.2.0
18 error argv "/Users/ray/.nvm/versions/node/v6.11.5/bin/node" "/Users/ray/.nvm/versions/node/v6.11.5/bin/npm" "run" "seed"
19 error node v6.11.5
20 error npm  v3.10.10
21 error code ELIFECYCLE
22 error peri@1.0.0 seed: `node Db/fakeData/seed.js`
22 error Exit status 1
23 error Failed at the peri@1.0.0 seed script 'node Db/fakeData/seed.js'.
23 error Make sure you have the latest version of node.js and npm installed.
23 error If you do, this is most likely a problem with the peri package,
23 error not with npm itself.
23 error Tell the author that this fails on your system:
23 error     node Db/fakeData/seed.js
23 error You can get information on how to open an issue for this project with:
23 error     npm bugs peri
23 error Or if that isn't available, you can get their info via:
23 error     npm owner ls peri
23 error There is likely additional logging output above.
24 verbose exit [ 1, true ]
